<?xml version="1.0" encoding="UTF-8"?>
<testsuites>
	<testsuite name="TestMajiupPump-20230922130226" tests="3" file=".py" time="0.193" timestamp="2023-09-22T13:02:27" failures="0" errors="0" skipped="0">
		<testcase classname="TestMajiupPump" name="test_change_pump_state" time="0.139" timestamp="2023-09-22T13:02:27" file="tests.py" line="210"/>
		<testcase classname="TestMajiupPump" name="test_get_pump_state" time="0.024" timestamp="2023-09-22T13:02:27" file="tests.py" line="200"/>
		<testcase classname="TestMajiupPump" name="test_get_pump_state_states" time="0.031" timestamp="2023-09-22T13:02:27" file="tests.py" line="205"/>
	</testsuite>
	<testsuite name="TestMajiupSensors-20230922130226" tests="9" file=".py" time="0.229" timestamp="2023-09-22T13:02:27" failures="0" errors="0" skipped="0">
		<testcase classname="TestMajiupSensors" name="test_get_water_level_data" time="0.028" timestamp="2023-09-22T13:02:27" file="tests.py" line="147"/>
		<testcase classname="TestMajiupSensors" name="test_get_water_level_value" time="0.024" timestamp="2023-09-22T13:02:27" file="tests.py" line="152"/>
		<testcase classname="TestMajiupSensors" name="test_get_water_level_values" time="0.021" timestamp="2023-09-22T13:02:27" file="tests.py" line="157"/>
		<testcase classname="TestMajiupSensors" name="test_get_water_quality_data" time="0.028" timestamp="2023-09-22T13:02:27" file="tests.py" line="177"/>
		<testcase classname="TestMajiupSensors" name="test_get_water_quality_value" time="0.028" timestamp="2023-09-22T13:02:27" file="tests.py" line="182"/>
		<testcase classname="TestMajiupSensors" name="test_get_water_quality_values" time="0.024" timestamp="2023-09-22T13:02:27" file="tests.py" line="187"/>
		<testcase classname="TestMajiupSensors" name="test_get_water_temp_data" time="0.024" timestamp="2023-09-22T13:02:27" file="tests.py" line="162"/>
		<testcase classname="TestMajiupSensors" name="test_get_water_temp_value" time="0.030" timestamp="2023-09-22T13:02:27" file="tests.py" line="167"/>
		<testcase classname="TestMajiupSensors" name="test_get_water_temp_values" time="0.022" timestamp="2023-09-22T13:02:27" file="tests.py" line="172"/>
	</testsuite>
	<testsuite name="TestMajiupTankMetaData-20230922130226" tests="2" file=".py" time="0.038" timestamp="2023-09-22T13:02:27" failures="0" errors="0" skipped="0">
		<testcase classname="TestMajiupTankMetaData" name="test_change_tank_meta_field" time="0.020" timestamp="2023-09-22T13:02:27" file="tests.py" line="117"/>
		<testcase classname="TestMajiupTankMetaData" name="test_get_tank_meta_field" time="0.018" timestamp="2023-09-22T13:02:27" file="tests.py" line="113"/>
	</testsuite>
	<testsuite name="TestMajiupTanks-20230922130226" tests="6" file=".py" time="0.293" timestamp="2023-09-22T13:02:27" failures="0" errors="0" skipped="0">
		<testcase classname="TestMajiupTanks" name="test_change_tank_name" time="0.025" timestamp="2023-09-22T13:02:27" file="tests.py" line="96"/>
		<testcase classname="TestMajiupTanks" name="test_get_pumps_in_tank" time="0.110" timestamp="2023-09-22T13:02:27" file="tests.py" line="86"/>
		<testcase classname="TestMajiupTanks" name="test_get_sensor_history" time="0.046" timestamp="2023-09-22T13:02:27" file="tests.py" line="91"/>
		<testcase classname="TestMajiupTanks" name="test_get_sensors_in_tank" time="0.027" timestamp="2023-09-22T13:02:27" file="tests.py" line="81"/>
		<testcase classname="TestMajiupTanks" name="test_get_tank_id" time="0.041" timestamp="2023-09-22T13:02:27" file="tests.py" line="76"/>
		<testcase classname="TestMajiupTanks" name="test_get_tanks" time="0.044" timestamp="2023-09-22T13:02:27" file="tests.py" line="71"/>
	</testsuite>
</testsuites>
